app/build/intermediates/manifest_merge_blame_file/debug/manifest-merger-blame-debug-report.txt
1<?xml version="1.0" encoding="utf-8"?>
2<manifest xmlns:android="http://schemas.android.com/apk/res/android"
3    package="edu.wm.cs.cs301.gui"
4    android:versionCode="1"
5    android:versionName="1.0" >
6
7    <uses-sdk
8        android:minSdkVersion="24"
8-->src\main\AndroidManifest.xml
9        android:targetSdkVersion="33" />
9-->src\main\AndroidManifest.xml
10
11    <application
11-->src\main\AndroidManifest.xml:5:5-43:19
12        android:allowBackup="true"
12-->src\main\AndroidManifest.xml:6:9-35
13        android:appComponentFactory="androidx.core.app.CoreComponentFactory"
13-->[androidx.core:core:1.7.0] AndroidManifest.xml:24:18-86
14        android:dataExtractionRules="@xml/data_extraction_rules"
14-->src\main\AndroidManifest.xml:7:9-65
15        android:debuggable="true"
16        android:extractNativeLibs="false"
17        android:fullBackupContent="@xml/backup_rules"
17-->src\main\AndroidManifest.xml:8:9-54
18        android:icon="@mipmap/ic_launcher"
18-->src\main\AndroidManifest.xml:9:9-43
19        android:label="@string/app_name"
19-->src\main\AndroidManifest.xml:10:9-41
20        android:supportsRtl="true"
20-->src\main\AndroidManifest.xml:11:9-35
21        android:testOnly="true"
22        android:theme="@style/Theme.AMazeByEvanHellersund" >
22-->src\main\AndroidManifest.xml:12:9-59
23        <activity
23-->src\main\AndroidManifest.xml:14:9-22:20
24            android:name="edu.wm.cs.cs301.gui.AMazeActivity"
24-->src\main\AndroidManifest.xml:15:13-42
25            android:exported="true" >
25-->src\main\AndroidManifest.xml:16:13-36
26            <intent-filter>
26-->src\main\AndroidManifest.xml:17:13-21:29
27                <action android:name="android.intent.action.MAIN" />
27-->src\main\AndroidManifest.xml:18:17-69
27-->src\main\AndroidManifest.xml:18:25-66
28
29                <category android:name="android.intent.category.LAUNCHER" />
29-->src\main\AndroidManifest.xml:20:17-77
29-->src\main\AndroidManifest.xml:20:27-74
30            </intent-filter>
31        </activity>
32        <activity
32-->src\main\AndroidManifest.xml:23:9-26:20
33            android:name="edu.wm.cs.cs301.gui.GeneratingActivity"
33-->src\main\AndroidManifest.xml:24:13-47
34            android:exported="true" >
34-->src\main\AndroidManifest.xml:25:13-36
35        </activity>
36        <activity
36-->src\main\AndroidManifest.xml:27:9-30:20
37            android:name="edu.wm.cs.cs301.gui.PlayManuallyActivity"
37-->src\main\AndroidManifest.xml:28:13-49
38            android:exported="true" >
38-->src\main\AndroidManifest.xml:29:13-36
39        </activity>
40        <activity
40-->src\main\AndroidManifest.xml:31:9-34:20
41            android:name="edu.wm.cs.cs301.gui.PlayAnimationActivity"
41-->src\main\AndroidManifest.xml:32:13-50
42            android:exported="true" >
42-->src\main\AndroidManifest.xml:33:13-36
43        </activity>
44        <activity
44-->src\main\AndroidManifest.xml:35:9-38:20
45            android:name="edu.wm.cs.cs301.gui.WinningActivity"
45-->src\main\AndroidManifest.xml:36:13-44
46            android:exported="true" >
46-->src\main\AndroidManifest.xml:37:13-36
47        </activity>
48        <activity
48-->src\main\AndroidManifest.xml:39:9-42:20
49            android:name="edu.wm.cs.cs301.gui.LosingActivity"
49-->src\main\AndroidManifest.xml:40:13-43
50            android:exported="true" >
50-->src\main\AndroidManifest.xml:41:13-36
51        </activity>
52
53        <provider
53-->[androidx.emoji2:emoji2:1.0.0] AndroidManifest.xml:26:9-34:20
54            android:name="androidx.startup.InitializationProvider"
54-->[androidx.emoji2:emoji2:1.0.0] AndroidManifest.xml:27:13-67
55            android:authorities="edu.wm.cs.cs301.gui.androidx-startup"
55-->[androidx.emoji2:emoji2:1.0.0] AndroidManifest.xml:28:13-68
56            android:exported="false" >
56-->[androidx.emoji2:emoji2:1.0.0] AndroidManifest.xml:29:13-37
57            <meta-data
57-->[androidx.emoji2:emoji2:1.0.0] AndroidManifest.xml:31:13-33:52
58                android:name="androidx.emoji2.text.EmojiCompatInitializer"
58-->[androidx.emoji2:emoji2:1.0.0] AndroidManifest.xml:32:17-75
59                android:value="androidx.startup" />
59-->[androidx.emoji2:emoji2:1.0.0] AndroidManifest.xml:33:17-49
60            <meta-data
60-->[androidx.lifecycle:lifecycle-process:2.4.0] AndroidManifest.xml:31:13-33:52
61                android:name="androidx.lifecycle.ProcessLifecycleInitializer"
61-->[androidx.lifecycle:lifecycle-process:2.4.0] AndroidManifest.xml:32:17-78
62                android:value="androidx.startup" />
62-->[androidx.lifecycle:lifecycle-process:2.4.0] AndroidManifest.xml:33:17-49
63        </provider>
64    </application>
65
66</manifest>